2024-07-18T23:01:13.095Z [2] [2024-07-18T23:01:13Z] [shopify-api/INFO] version 11.1.0, environment Node v20.10.0
2024-07-18T23:01:13.097Z [2] [2024-07-18T23:01:13Z] [shopify-api/INFO] Future flag lineItemBilling is disabled.

  Enable this flag to use the new billing API, that supports multiple line items per plan.

2024-07-18T23:01:13.098Z [2] [2024-07-18T23:01:13Z] [shopify-api/INFO] Future flag customerAddressDefaultFix is disabled.

  Enable this flag to change the CustomerAddress classes to expose a 'is_default' property instead of 'default' when fetching data.

2024-07-18T23:01:13.113Z [3] [2024-07-18T23:01:13Z] [shopify-api/DEBUG] Making HTTP request | {method: POST, url: https://overboard-development.myshopify.com/admin/oauth/access_token, body: {"client_id":"5c8e8b211dab8be3d06c888e36df66a0","client_secret":"55ea612fe729de34762cd596d205e046","grant_type":"urn:ietf:params:oauth:grant-type:token-exchange","subject_token":"eyJhbGciOiJIUzI1NiIsInR5cCI6IkpXVCJ9.eyJpc3MiOiJodHRwczpcL1wvb3ZlcmJvYXJkLWRldmVsb3BtZW50Lm15c2hvcGlmeS5jb21cL2FkbWluIiwiZGVzdCI6Imh0dHBzOlwvXC9vdmVyYm9hcmQtZGV2ZWxvcG1lbnQubXlzaG9waWZ5LmNvbSIsImF1ZCI6IjVjOGU4YjIxMWRhYjhiZTNkMDZjODg4ZTM2ZGY2NmEwIiwic3ViIjoiODc5MzU3NDYyOTAiLCJleHAiOjE3MjEzNDM3MjcsIm5iZiI6MTcyMTM0MzY2NywiaWF0IjoxNzIxMzQzNjY3LCJqdGkiOiIzMDIxOGQxOS1jMTJjLTQ3ZjMtYTU1ZC1lYzY5YzE0Mjk3NDAiLCJzaWQiOiI2ZWYwYTgwMS0zZGQ0LTQ2MjMtYmM0Ni0wMjA2NzdlMDMwNzUiLCJzaWciOiJmOTJlZmFmMzAzNTczODVhNWNjZDlmOWE3ZDk4NzQ2Y2I4OTc4NWM1MTMzMmI5YjQxNWNlOTc3YzAyZTYyODZiIn0.i5qXIRZszrHh12noG1Lb0OtN-VyMFYbF9tBBxN6WkHY","subject_token_type":"urn:ietf:params:oauth:token-type:id_token","requested_token_type":"urn:shopify:params:oauth:token-type:offline-access-token"}}
2024-07-18T23:01:13.445Z [3] [2024-07-18T23:01:13Z] [shopify-api/DEBUG] HTTP request completed | {method: POST, url: https://overboard-development.myshopify.com/admin/oauth/access_token, status: 200}
2024-07-18T23:01:13.448Z [2] [2024-07-18T23:01:13Z] [shopify-api/INFO] Creating new session | {shop: overboard-development.myshopify.com, isOnline: false}
2024-07-18T23:01:13.460Z [2] [2024-07-18T23:01:13Z] [shopify-api/INFO] Beginning OAuth | {shop: overboard-development.myshopify.com, isOnline: false, callbackPath: https://98f5-2a0c-5a81-60d-c800-8a0-665f-3339-4e26.ngrok-free.app/api/auth/callback}
2024-07-18T23:01:13.463Z [3] [2024-07-18T23:01:13Z] [shopify-api/DEBUG] OAuth started, redirecting to https://overboard-development.myshopify.com/admin/oauth/authorize?client_id=5c8e8b211dab8be3d06c888e36df66a0&scope=write_products&redirect_uri=https%3A%2F%2Fhttps%3A%2F%2Fe2ff-79-117-226-83.ngrok-free.apphttps%3A%2F%2F98f5-2a0c-5a81-60d-c800-8a0-665f-3339-4e26.ngrok-free.app%2Fapi%2Fauth%2Fcallback&state=574372356022176&grant_options%5B%5D= | {shop: overboard-development.myshopify.com, isOnline: false}
2024-07-18T23:07:26.433Z [2] [2024-07-18T23:07:26Z] [shopify-api/INFO] version 11.1.0, environment Node v20.10.0
2024-07-18T23:07:26.434Z [2] [2024-07-18T23:07:26Z] [shopify-api/INFO] Future flag lineItemBilling is disabled.

  Enable this flag to use the new billing API, that supports multiple line items per plan.

2024-07-18T23:07:26.435Z [2] [2024-07-18T23:07:26Z] [shopify-api/INFO] Future flag customerAddressDefaultFix is disabled.

  Enable this flag to change the CustomerAddress classes to expose a 'is_default' property instead of 'default' when fetching data.

2024-07-18T23:07:26.447Z [3] [2024-07-18T23:07:26Z] [shopify-api/DEBUG] Making HTTP request | {method: POST, url: https://overboard-development.myshopify.com/admin/oauth/access_token, body: {"client_id":"5c8e8b211dab8be3d06c888e36df66a0","client_secret":"55ea612fe729de34762cd596d205e046","grant_type":"urn:ietf:params:oauth:grant-type:token-exchange","subject_token":"eyJhbGciOiJIUzI1NiIsInR5cCI6IkpXVCJ9.eyJpc3MiOiJodHRwczpcL1wvb3ZlcmJvYXJkLWRldmVsb3BtZW50Lm15c2hvcGlmeS5jb21cL2FkbWluIiwiZGVzdCI6Imh0dHBzOlwvXC9vdmVyYm9hcmQtZGV2ZWxvcG1lbnQubXlzaG9waWZ5LmNvbSIsImF1ZCI6IjVjOGU4YjIxMWRhYjhiZTNkMDZjODg4ZTM2ZGY2NmEwIiwic3ViIjoiODc5MzU3NDYyOTAiLCJleHAiOjE3MjEzNDQwNjYsIm5iZiI6MTcyMTM0NDAwNiwiaWF0IjoxNzIxMzQ0MDA2LCJqdGkiOiI2MGZmMWY3MC05ODc5LTRkMDUtYmE2Yy1iOTA5YzI3MmY0MjQiLCJzaWQiOiI2ZWYwYTgwMS0zZGQ0LTQ2MjMtYmM0Ni0wMjA2NzdlMDMwNzUiLCJzaWciOiIyNjc0MDBmMmQxYjBiMjQ4YjhhMzczNzkzMmRhNmQ2ZWY0ZDNhYzViM2UwYmM1ZjgxZGEzOGIyMmJjYzgwNTVlIn0.HJ6ExgYJeW5c3GPiNF16-BXXxzwxI_Cfyfwxv9SViQQ","subject_token_type":"urn:ietf:params:oauth:token-type:id_token","requested_token_type":"urn:shopify:params:oauth:token-type:offline-access-token"}}
2024-07-18T23:07:26.719Z [3] [2024-07-18T23:07:26Z] [shopify-api/DEBUG] HTTP request completed | {method: POST, url: https://overboard-development.myshopify.com/admin/oauth/access_token, status: 200}
2024-07-18T23:07:26.723Z [2] [2024-07-18T23:07:26Z] [shopify-api/INFO] Creating new session | {shop: overboard-development.myshopify.com, isOnline: false}
2024-07-18T23:07:26.731Z [2] [2024-07-18T23:07:26Z] [shopify-api/INFO] Beginning OAuth | {shop: overboard-development.myshopify.com, isOnline: false, callbackPath: https://98f5-2a0c-5a81-60d-c800-8a0-665f-3339-4e26.ngrok-free.app/api/auth/callback}
2024-07-18T23:07:26.735Z [3] [2024-07-18T23:07:26Z] [shopify-api/DEBUG] OAuth started, redirecting to https://overboard-development.myshopify.com/admin/oauth/authorize?client_id=5c8e8b211dab8be3d06c888e36df66a0&scope=write_products&redirect_uri=https%3A%2F%2Fhttps%3A%2F%2Fe2ff-79-117-226-83.ngrok-free.apphttps%3A%2F%2F98f5-2a0c-5a81-60d-c800-8a0-665f-3339-4e26.ngrok-free.app%2Fapi%2Fauth%2Fcallback&state=488801764301407&grant_options%5B%5D= | {shop: overboard-development.myshopify.com, isOnline: false}
2024-07-18T23:07:35.400Z [3] [2024-07-18T23:07:35Z] [shopify-api/DEBUG] Making HTTP request | {method: POST, url: https://overboard-development.myshopify.com/admin/oauth/access_token, body: {"client_id":"5c8e8b211dab8be3d06c888e36df66a0","client_secret":"55ea612fe729de34762cd596d205e046","grant_type":"urn:ietf:params:oauth:grant-type:token-exchange","subject_token":"eyJhbGciOiJIUzI1NiIsInR5cCI6IkpXVCJ9.eyJpc3MiOiJodHRwczpcL1wvb3ZlcmJvYXJkLWRldmVsb3BtZW50Lm15c2hvcGlmeS5jb21cL2FkbWluIiwiZGVzdCI6Imh0dHBzOlwvXC9vdmVyYm9hcmQtZGV2ZWxvcG1lbnQubXlzaG9waWZ5LmNvbSIsImF1ZCI6IjVjOGU4YjIxMWRhYjhiZTNkMDZjODg4ZTM2ZGY2NmEwIiwic3ViIjoiODc5MzU3NDYyOTAiLCJleHAiOjE3MjEzNDQxMTMsIm5iZiI6MTcyMTM0NDA1MywiaWF0IjoxNzIxMzQ0MDUzLCJqdGkiOiJjMjNjZGE2MS03NGNlLTQ1OGUtODc5Yi1iNmU5ZGViYWM1MDMiLCJzaWQiOiI2ZWYwYTgwMS0zZGQ0LTQ2MjMtYmM0Ni0wMjA2NzdlMDMwNzUiLCJzaWciOiI0OTE3NGJlMzJkNzk3ODNkMTAyODJlMWVmNjE3NzI1OWRlOGMyMTM3ZDkzNTNmYTIzODEzMzBlMmYyNmU3NGE4In0.fRw0v9mvyZsbFfbYqEHCm6s7256Oz-QnkhrPkyyrZGQ","subject_token_type":"urn:ietf:params:oauth:token-type:id_token","requested_token_type":"urn:shopify:params:oauth:token-type:offline-access-token"}}
2024-07-18T23:07:35.732Z [3] [2024-07-18T23:07:35Z] [shopify-api/DEBUG] HTTP request completed | {method: POST, url: https://overboard-development.myshopify.com/admin/oauth/access_token, status: 200}
2024-07-18T23:07:35.736Z [2] [2024-07-18T23:07:35Z] [shopify-api/INFO] Creating new session | {shop: overboard-development.myshopify.com, isOnline: false}
2024-07-18T23:07:35.751Z [2] [2024-07-18T23:07:35Z] [shopify-api/INFO] Beginning OAuth | {shop: overboard-development.myshopify.com, isOnline: false, callbackPath: https://98f5-2a0c-5a81-60d-c800-8a0-665f-3339-4e26.ngrok-free.app/api/auth/callback}
2024-07-18T23:07:35.756Z [3] [2024-07-18T23:07:35Z] [shopify-api/DEBUG] OAuth started, redirecting to https://overboard-development.myshopify.com/admin/oauth/authorize?client_id=5c8e8b211dab8be3d06c888e36df66a0&scope=write_products&redirect_uri=https%3A%2F%2Fhttps%3A%2F%2Fe2ff-79-117-226-83.ngrok-free.apphttps%3A%2F%2F98f5-2a0c-5a81-60d-c800-8a0-665f-3339-4e26.ngrok-free.app%2Fapi%2Fauth%2Fcallback&state=198803932637665&grant_options%5B%5D= | {shop: overboard-development.myshopify.com, isOnline: false}
2024-07-19T14:57:38.128Z [2] [2024-07-19T14:57:38Z] [shopify-api/INFO] version 11.1.0, environment Node v20.10.0
2024-07-19T14:57:38.130Z [2] [2024-07-19T14:57:38Z] [shopify-api/INFO] Future flag lineItemBilling is disabled.

  Enable this flag to use the new billing API, that supports multiple line items per plan.

2024-07-19T14:57:38.131Z [2] [2024-07-19T14:57:38Z] [shopify-api/INFO] Future flag customerAddressDefaultFix is disabled.

  Enable this flag to change the CustomerAddress classes to expose a 'is_default' property instead of 'default' when fetching data.

2024-07-19T14:57:38.157Z [3] [2024-07-19T14:57:38Z] [shopify-api/DEBUG] Making HTTP request | {method: POST, url: https://overboard-development.myshopify.com/admin/oauth/access_token, body: {"client_id":"5c8e8b211dab8be3d06c888e36df66a0","client_secret":"55ea612fe729de34762cd596d205e046","grant_type":"urn:ietf:params:oauth:grant-type:token-exchange","subject_token":"eyJhbGciOiJIUzI1NiIsInR5cCI6IkpXVCJ9.eyJpc3MiOiJodHRwczpcL1wvb3ZlcmJvYXJkLWRldmVsb3BtZW50Lm15c2hvcGlmeS5jb21cL2FkbWluIiwiZGVzdCI6Imh0dHBzOlwvXC9vdmVyYm9hcmQtZGV2ZWxvcG1lbnQubXlzaG9waWZ5LmNvbSIsImF1ZCI6IjVjOGU4YjIxMWRhYjhiZTNkMDZjODg4ZTM2ZGY2NmEwIiwic3ViIjoiODc5MzU3NDYyOTAiLCJleHAiOjE3MjE0MDExMTEsIm5iZiI6MTcyMTQwMTA1MSwiaWF0IjoxNzIxNDAxMDUxLCJqdGkiOiJmZWEyZWNjZS0xNGNkLTQ3YWEtOWQxMy1kZDYxOWYxNWRjMDYiLCJzaWQiOiI2ZWYwYTgwMS0zZGQ0LTQ2MjMtYmM0Ni0wMjA2NzdlMDMwNzUiLCJzaWciOiI0YjgyZTE3YTVlNjkyNGI4MzFkZjg1ZWY4ZWY1N2Q4ZjgyNGI2MTg0OTRhYjg4MjcwMzg1OGEyMGEzNmUxNTlhIn0.lIF9E8R84WrEWL3gveeCkNHaK1yWT9MPT2svIQpCq2A","subject_token_type":"urn:ietf:params:oauth:token-type:id_token","requested_token_type":"urn:shopify:params:oauth:token-type:offline-access-token"}}
2024-07-19T14:57:38.592Z [3] [2024-07-19T14:57:38Z] [shopify-api/DEBUG] HTTP request completed | {method: POST, url: https://overboard-development.myshopify.com/admin/oauth/access_token, status: 200}
2024-07-19T14:57:38.599Z [2] [2024-07-19T14:57:38Z] [shopify-api/INFO] Creating new session | {shop: overboard-development.myshopify.com, isOnline: false}
2024-07-19T14:59:01.246Z [2] [2024-07-19T14:59:01Z] [shopify-api/INFO] version 11.1.0, environment Node v20.10.0
2024-07-19T14:59:01.248Z [2] [2024-07-19T14:59:01Z] [shopify-api/INFO] Future flag lineItemBilling is disabled.

  Enable this flag to use the new billing API, that supports multiple line items per plan.

2024-07-19T14:59:01.249Z [2] [2024-07-19T14:59:01Z] [shopify-api/INFO] Future flag customerAddressDefaultFix is disabled.

  Enable this flag to change the CustomerAddress classes to expose a 'is_default' property instead of 'default' when fetching data.

2024-07-19T14:59:01.263Z [3] [2024-07-19T14:59:01Z] [shopify-api/DEBUG] Making HTTP request | {method: POST, url: https://overboard-development.myshopify.com/admin/oauth/access_token, body: {"client_id":"5c8e8b211dab8be3d06c888e36df66a0","client_secret":"55ea612fe729de34762cd596d205e046","grant_type":"urn:ietf:params:oauth:grant-type:token-exchange","subject_token":"eyJhbGciOiJIUzI1NiIsInR5cCI6IkpXVCJ9.eyJpc3MiOiJodHRwczpcL1wvb3ZlcmJvYXJkLWRldmVsb3BtZW50Lm15c2hvcGlmeS5jb21cL2FkbWluIiwiZGVzdCI6Imh0dHBzOlwvXC9vdmVyYm9hcmQtZGV2ZWxvcG1lbnQubXlzaG9waWZ5LmNvbSIsImF1ZCI6IjVjOGU4YjIxMWRhYjhiZTNkMDZjODg4ZTM2ZGY2NmEwIiwic3ViIjoiODc5MzU3NDYyOTAiLCJleHAiOjE3MjE0MDExOTQsIm5iZiI6MTcyMTQwMTEzNCwiaWF0IjoxNzIxNDAxMTM0LCJqdGkiOiI2ZTBkYmRmYy0yNDBkLTQyNGQtODk1OS1lMTUyNDlmNzI0ZGYiLCJzaWQiOiI2ZWYwYTgwMS0zZGQ0LTQ2MjMtYmM0Ni0wMjA2NzdlMDMwNzUiLCJzaWciOiI2ZGIwZjc4MGQyZGVmM2E3MDBhMGYyOWY5OTJiNmE4ODBlYjA5MmQyZjFmMmFkNzU3ZmNjODljYzNmNzMzZjk5In0.NRid199PCMYLJEMizcudYPVEd7xvRpIHt5rYfVfwBzo","subject_token_type":"urn:ietf:params:oauth:token-type:id_token","requested_token_type":"urn:shopify:params:oauth:token-type:offline-access-token"}}
2024-07-19T14:59:01.586Z [3] [2024-07-19T14:59:01Z] [shopify-api/DEBUG] HTTP request completed | {method: POST, url: https://overboard-development.myshopify.com/admin/oauth/access_token, status: 200}
2024-07-19T14:59:01.590Z [2] [2024-07-19T14:59:01Z] [shopify-api/INFO] Creating new session | {shop: overboard-development.myshopify.com, isOnline: false}
2024-07-19T14:59:57.417Z [2] [2024-07-19T14:59:57Z] [shopify-api/INFO] version 11.1.0, environment Node v20.10.0
2024-07-19T14:59:57.418Z [2] [2024-07-19T14:59:57Z] [shopify-api/INFO] Future flag lineItemBilling is disabled.

  Enable this flag to use the new billing API, that supports multiple line items per plan.

2024-07-19T14:59:57.418Z [2] [2024-07-19T14:59:57Z] [shopify-api/INFO] Future flag customerAddressDefaultFix is disabled.

  Enable this flag to change the CustomerAddress classes to expose a 'is_default' property instead of 'default' when fetching data.

2024-07-19T15:00:05.305Z [3] [2024-07-19T15:00:05Z] [shopify-api/DEBUG] Making HTTP request | {method: POST, url: https://overboard-development.myshopify.com/admin/oauth/access_token, body: {"client_id":"5c8e8b211dab8be3d06c888e36df66a0","client_secret":"55ea612fe729de34762cd596d205e046","grant_type":"urn:ietf:params:oauth:grant-type:token-exchange","subject_token":"eyJhbGciOiJIUzI1NiIsInR5cCI6IkpXVCJ9.eyJpc3MiOiJodHRwczpcL1wvb3ZlcmJvYXJkLWRldmVsb3BtZW50Lm15c2hvcGlmeS5jb21cL2FkbWluIiwiZGVzdCI6Imh0dHBzOlwvXC9vdmVyYm9hcmQtZGV2ZWxvcG1lbnQubXlzaG9waWZ5LmNvbSIsImF1ZCI6IjVjOGU4YjIxMWRhYjhiZTNkMDZjODg4ZTM2ZGY2NmEwIiwic3ViIjoiODc5MzU3NDYyOTAiLCJleHAiOjE3MjE0MDEyNjEsIm5iZiI6MTcyMTQwMTIwMSwiaWF0IjoxNzIxNDAxMjAxLCJqdGkiOiJkY2NjNTA0Ny1kYWM2LTQ1MGMtODMwNS1jMmFkYmZkZWZmMTciLCJzaWQiOiI2ZWYwYTgwMS0zZGQ0LTQ2MjMtYmM0Ni0wMjA2NzdlMDMwNzUiLCJzaWciOiJkNjFmMWRmNmM3MDA5ZTQ2Y2Q5NWZkZmIyZDRhYWRkNTdkYjliY2ZkZjFiNzViODg1YWExY2MwZTdlMmU4NjJkIn0.H4qR45eseJ396662Ik1Slthw74mxYG-moqMDtFXi05k","subject_token_type":"urn:ietf:params:oauth:token-type:id_token","requested_token_type":"urn:shopify:params:oauth:token-type:offline-access-token"}}
2024-07-19T15:00:05.687Z [3] [2024-07-19T15:00:05Z] [shopify-api/DEBUG] HTTP request completed | {method: POST, url: https://overboard-development.myshopify.com/admin/oauth/access_token, status: 200}
2024-07-19T15:00:05.691Z [2] [2024-07-19T15:00:05Z] [shopify-api/INFO] Creating new session | {shop: overboard-development.myshopify.com, isOnline: false}
2024-07-19T15:00:58.438Z [2] [2024-07-19T15:00:58Z] [shopify-api/INFO] version 11.1.0, environment Node v20.10.0
2024-07-19T15:00:58.439Z [2] [2024-07-19T15:00:58Z] [shopify-api/INFO] Future flag lineItemBilling is disabled.

  Enable this flag to use the new billing API, that supports multiple line items per plan.

2024-07-19T15:00:58.440Z [2] [2024-07-19T15:00:58Z] [shopify-api/INFO] Future flag customerAddressDefaultFix is disabled.

  Enable this flag to change the CustomerAddress classes to expose a 'is_default' property instead of 'default' when fetching data.

2024-07-19T15:00:58.450Z [3] [2024-07-19T15:00:58Z] [shopify-api/DEBUG] Making HTTP request | {method: POST, url: https://overboard-development.myshopify.com/admin/oauth/access_token, body: {"client_id":"5c8e8b211dab8be3d06c888e36df66a0","client_secret":"55ea612fe729de34762cd596d205e046","grant_type":"urn:ietf:params:oauth:grant-type:token-exchange","subject_token":"eyJhbGciOiJIUzI1NiIsInR5cCI6IkpXVCJ9.eyJpc3MiOiJodHRwczpcL1wvb3ZlcmJvYXJkLWRldmVsb3BtZW50Lm15c2hvcGlmeS5jb21cL2FkbWluIiwiZGVzdCI6Imh0dHBzOlwvXC9vdmVyYm9hcmQtZGV2ZWxvcG1lbnQubXlzaG9waWZ5LmNvbSIsImF1ZCI6IjVjOGU4YjIxMWRhYjhiZTNkMDZjODg4ZTM2ZGY2NmEwIiwic3ViIjoiODc5MzU3NDYyOTAiLCJleHAiOjE3MjE0MDEyNjEsIm5iZiI6MTcyMTQwMTIwMSwiaWF0IjoxNzIxNDAxMjAxLCJqdGkiOiJkY2NjNTA0Ny1kYWM2LTQ1MGMtODMwNS1jMmFkYmZkZWZmMTciLCJzaWQiOiI2ZWYwYTgwMS0zZGQ0LTQ2MjMtYmM0Ni0wMjA2NzdlMDMwNzUiLCJzaWciOiJkNjFmMWRmNmM3MDA5ZTQ2Y2Q5NWZkZmIyZDRhYWRkNTdkYjliY2ZkZjFiNzViODg1YWExY2MwZTdlMmU4NjJkIn0.H4qR45eseJ396662Ik1Slthw74mxYG-moqMDtFXi05k","subject_token_type":"urn:ietf:params:oauth:token-type:id_token","requested_token_type":"urn:shopify:params:oauth:token-type:offline-access-token"}}
2024-07-19T15:00:58.755Z [3] [2024-07-19T15:00:58Z] [shopify-api/DEBUG] HTTP request completed | {method: POST, url: https://overboard-development.myshopify.com/admin/oauth/access_token, status: 200}
2024-07-19T15:00:58.757Z [2] [2024-07-19T15:00:58Z] [shopify-api/INFO] Creating new session | {shop: overboard-development.myshopify.com, isOnline: false}
2024-07-19T15:01:06.805Z [3] [2024-07-19T15:01:06Z] [shopify-api/DEBUG] Making HTTP request | {method: POST, url: https://overboard-development.myshopify.com/admin/oauth/access_token, body: {"client_id":"5c8e8b211dab8be3d06c888e36df66a0","client_secret":"55ea612fe729de34762cd596d205e046","grant_type":"urn:ietf:params:oauth:grant-type:token-exchange","subject_token":"eyJhbGciOiJIUzI1NiIsInR5cCI6IkpXVCJ9.eyJpc3MiOiJodHRwczpcL1wvb3ZlcmJvYXJkLWRldmVsb3BtZW50Lm15c2hvcGlmeS5jb21cL2FkbWluIiwiZGVzdCI6Imh0dHBzOlwvXC9vdmVyYm9hcmQtZGV2ZWxvcG1lbnQubXlzaG9waWZ5LmNvbSIsImF1ZCI6IjVjOGU4YjIxMWRhYjhiZTNkMDZjODg4ZTM2ZGY2NmEwIiwic3ViIjoiODc5MzU3NDYyOTAiLCJleHAiOjE3MjE0MDEzMjEsIm5iZiI6MTcyMTQwMTI2MSwiaWF0IjoxNzIxNDAxMjYxLCJqdGkiOiIyM2NiMWJmMy01NzQ3LTQ3ZjEtODVmNy0zNjIxZjAwMGQ0MzEiLCJzaWQiOiI2ZWYwYTgwMS0zZGQ0LTQ2MjMtYmM0Ni0wMjA2NzdlMDMwNzUiLCJzaWciOiIyNmI2MWQxODNlY2NiM2IxNjQ2ODE4YTUxYzJkNGIwOTFmYjg0NGQxOGIzNmFkYjk0NGJlZTQyOGZkNTQ4NzIzIn0.38v80gxQI6oiK1O5uoWMMMqJ_OmPNE65o7QyRTeh-Xc","subject_token_type":"urn:ietf:params:oauth:token-type:id_token","requested_token_type":"urn:shopify:params:oauth:token-type:offline-access-token"}}
2024-07-19T15:01:07.178Z [3] [2024-07-19T15:01:07Z] [shopify-api/DEBUG] HTTP request completed | {method: POST, url: https://overboard-development.myshopify.com/admin/oauth/access_token, status: 200}
2024-07-19T15:01:07.182Z [2] [2024-07-19T15:01:07Z] [shopify-api/INFO] Creating new session | {shop: overboard-development.myshopify.com, isOnline: false}
2024-07-19T15:01:18.659Z [3] [2024-07-19T15:01:18Z] [shopify-api/DEBUG] Making HTTP request | {method: POST, url: https://overboard-development.myshopify.com/admin/oauth/access_token, body: {"client_id":"5c8e8b211dab8be3d06c888e36df66a0","client_secret":"55ea612fe729de34762cd596d205e046","grant_type":"urn:ietf:params:oauth:grant-type:token-exchange","subject_token":"eyJhbGciOiJIUzI1NiIsInR5cCI6IkpXVCJ9.eyJpc3MiOiJodHRwczpcL1wvb3ZlcmJvYXJkLWRldmVsb3BtZW50Lm15c2hvcGlmeS5jb21cL2FkbWluIiwiZGVzdCI6Imh0dHBzOlwvXC9vdmVyYm9hcmQtZGV2ZWxvcG1lbnQubXlzaG9waWZ5LmNvbSIsImF1ZCI6IjVjOGU4YjIxMWRhYjhiZTNkMDZjODg4ZTM2ZGY2NmEwIiwic3ViIjoiODc5MzU3NDYyOTAiLCJleHAiOjE3MjE0MDEzMzQsIm5iZiI6MTcyMTQwMTI3NCwiaWF0IjoxNzIxNDAxMjc0LCJqdGkiOiJhYjk2ZGFjMC05MzFmLTQ1ZGQtYjgyYS0zNmE5MTFjZDdhOWIiLCJzaWQiOiI2ZWYwYTgwMS0zZGQ0LTQ2MjMtYmM0Ni0wMjA2NzdlMDMwNzUiLCJzaWciOiJiZjNhYmFiYTQzMDlmNmI5NjNjMmMyN2U1NjIzNDY1YTcxMzRmNjI4ZjUwYTAyNjAyNWMzMzRhYTFmMmFmNWQ4In0.-lq_ZrTtTCm3E5tAIvXTo_9f5GMZE9gr5sUujmNEhHI","subject_token_type":"urn:ietf:params:oauth:token-type:id_token","requested_token_type":"urn:shopify:params:oauth:token-type:offline-access-token"}}
2024-07-19T15:01:18.976Z [3] [2024-07-19T15:01:18Z] [shopify-api/DEBUG] HTTP request completed | {method: POST, url: https://overboard-development.myshopify.com/admin/oauth/access_token, status: 200}
2024-07-19T15:01:18.979Z [2] [2024-07-19T15:01:18Z] [shopify-api/INFO] Creating new session | {shop: overboard-development.myshopify.com, isOnline: false}
2024-07-19T15:03:10.412Z [2] [2024-07-19T15:03:10Z] [shopify-api/INFO] version 11.1.0, environment Node v20.10.0
2024-07-19T15:03:10.413Z [2] [2024-07-19T15:03:10Z] [shopify-api/INFO] Future flag lineItemBilling is disabled.

  Enable this flag to use the new billing API, that supports multiple line items per plan.

2024-07-19T15:03:10.414Z [2] [2024-07-19T15:03:10Z] [shopify-api/INFO] Future flag customerAddressDefaultFix is disabled.

  Enable this flag to change the CustomerAddress classes to expose a 'is_default' property instead of 'default' when fetching data.

2024-07-19T15:03:10.430Z [3] [2024-07-19T15:03:10Z] [shopify-api/DEBUG] Making HTTP request | {method: POST, url: https://overboard-development.myshopify.com/admin/oauth/access_token, body: {"client_id":"5c8e8b211dab8be3d06c888e36df66a0","client_secret":"55ea612fe729de34762cd596d205e046","grant_type":"urn:ietf:params:oauth:grant-type:token-exchange","subject_token":"eyJhbGciOiJIUzI1NiIsInR5cCI6IkpXVCJ9.eyJpc3MiOiJodHRwczpcL1wvb3ZlcmJvYXJkLWRldmVsb3BtZW50Lm15c2hvcGlmeS5jb21cL2FkbWluIiwiZGVzdCI6Imh0dHBzOlwvXC9vdmVyYm9hcmQtZGV2ZWxvcG1lbnQubXlzaG9waWZ5LmNvbSIsImF1ZCI6IjVjOGU4YjIxMWRhYjhiZTNkMDZjODg4ZTM2ZGY2NmEwIiwic3ViIjoiODc5MzU3NDYyOTAiLCJleHAiOjE3MjE0MDE0NDMsIm5iZiI6MTcyMTQwMTM4MywiaWF0IjoxNzIxNDAxMzgzLCJqdGkiOiJhNmNmMzk5MC05Njg5LTQ3YjYtYjk4OC0wNTIwODU1ZmJmYWIiLCJzaWQiOiI2ZWYwYTgwMS0zZGQ0LTQ2MjMtYmM0Ni0wMjA2NzdlMDMwNzUiLCJzaWciOiI3Y2ViODIzZDc3MjEyMjk5OWJhYzI5MGU3MmRhMDcxNTNkYzE3ZGUyOTBjNThhYjFmZWM1YjIzMjkwNzNmZTExIn0.9_lTxj2lOE1DChM0_qO8VtPqziMvHMZeoT2XJE2eM84","subject_token_type":"urn:ietf:params:oauth:token-type:id_token","requested_token_type":"urn:shopify:params:oauth:token-type:offline-access-token"}}
2024-07-19T15:03:10.749Z [3] [2024-07-19T15:03:10Z] [shopify-api/DEBUG] HTTP request completed | {method: POST, url: https://overboard-development.myshopify.com/admin/oauth/access_token, status: 200}
2024-07-19T15:03:10.753Z [2] [2024-07-19T15:03:10Z] [shopify-api/INFO] Creating new session | {shop: overboard-development.myshopify.com, isOnline: false}
2024-07-19T15:03:59.197Z [2] [2024-07-19T15:03:59Z] [shopify-api/INFO] version 11.1.0, environment Node v20.10.0
2024-07-19T15:03:59.199Z [2] [2024-07-19T15:03:59Z] [shopify-api/INFO] Future flag lineItemBilling is disabled.

  Enable this flag to use the new billing API, that supports multiple line items per plan.

2024-07-19T15:03:59.203Z [2] [2024-07-19T15:03:59Z] [shopify-api/INFO] Future flag customerAddressDefaultFix is disabled.

  Enable this flag to change the CustomerAddress classes to expose a 'is_default' property instead of 'default' when fetching data.

2024-07-19T15:03:59.222Z [3] [2024-07-19T15:03:59Z] [shopify-api/DEBUG] Making HTTP request | {method: POST, url: https://overboard-development.myshopify.com/admin/oauth/access_token, body: {"client_id":"5c8e8b211dab8be3d06c888e36df66a0","client_secret":"55ea612fe729de34762cd596d205e046","grant_type":"urn:ietf:params:oauth:grant-type:token-exchange","subject_token":"eyJhbGciOiJIUzI1NiIsInR5cCI6IkpXVCJ9.eyJpc3MiOiJodHRwczpcL1wvb3ZlcmJvYXJkLWRldmVsb3BtZW50Lm15c2hvcGlmeS5jb21cL2FkbWluIiwiZGVzdCI6Imh0dHBzOlwvXC9vdmVyYm9hcmQtZGV2ZWxvcG1lbnQubXlzaG9waWZ5LmNvbSIsImF1ZCI6IjVjOGU4YjIxMWRhYjhiZTNkMDZjODg4ZTM2ZGY2NmEwIiwic3ViIjoiODc5MzU3NDYyOTAiLCJleHAiOjE3MjE0MDE0OTYsIm5iZiI6MTcyMTQwMTQzNiwiaWF0IjoxNzIxNDAxNDM2LCJqdGkiOiJmMzIzOThlNS1mY2Y0LTQyYjQtYmVhYi00NmE4OTk3NWQ5ODkiLCJzaWQiOiI2ZWYwYTgwMS0zZGQ0LTQ2MjMtYmM0Ni0wMjA2NzdlMDMwNzUiLCJzaWciOiI2NjFjYjUxMmNiMDI2OTZlMWFkNjlkYmNkNTUxODJmODQwZDA3ODMyMDU1ZjE0ZWUyYWVhNmIyMmZiMWEzODFhIn0.1Q0HXRWWsETECKY7ZJWEBUznlDFGlg6He6RLJ6SMKhY","subject_token_type":"urn:ietf:params:oauth:token-type:id_token","requested_token_type":"urn:shopify:params:oauth:token-type:offline-access-token"}}
2024-07-19T15:03:59.510Z [3] [2024-07-19T15:03:59Z] [shopify-api/DEBUG] HTTP request completed | {method: POST, url: https://overboard-development.myshopify.com/admin/oauth/access_token, status: 200}
2024-07-19T15:03:59.514Z [2] [2024-07-19T15:03:59Z] [shopify-api/INFO] Creating new session | {shop: overboard-development.myshopify.com, isOnline: false}
2024-07-19T15:04:41.627Z [2] [2024-07-19T15:04:41Z] [shopify-api/INFO] version 11.1.0, environment Node v20.10.0
2024-07-19T15:04:41.628Z [2] [2024-07-19T15:04:41Z] [shopify-api/INFO] Future flag lineItemBilling is disabled.

  Enable this flag to use the new billing API, that supports multiple line items per plan.

2024-07-19T15:04:41.629Z [2] [2024-07-19T15:04:41Z] [shopify-api/INFO] Future flag customerAddressDefaultFix is disabled.

  Enable this flag to change the CustomerAddress classes to expose a 'is_default' property instead of 'default' when fetching data.

2024-07-19T15:04:41.636Z [3] [2024-07-19T15:04:41Z] [shopify-api/DEBUG] Making HTTP request | {method: POST, url: https://overboard-development.myshopify.com/admin/oauth/access_token, body: {"client_id":"5c8e8b211dab8be3d06c888e36df66a0","client_secret":"55ea612fe729de34762cd596d205e046","grant_type":"urn:ietf:params:oauth:grant-type:token-exchange","subject_token":"eyJhbGciOiJIUzI1NiIsInR5cCI6IkpXVCJ9.eyJpc3MiOiJodHRwczpcL1wvb3ZlcmJvYXJkLWRldmVsb3BtZW50Lm15c2hvcGlmeS5jb21cL2FkbWluIiwiZGVzdCI6Imh0dHBzOlwvXC9vdmVyYm9hcmQtZGV2ZWxvcG1lbnQubXlzaG9waWZ5LmNvbSIsImF1ZCI6IjVjOGU4YjIxMWRhYjhiZTNkMDZjODg4ZTM2ZGY2NmEwIiwic3ViIjoiODc5MzU3NDYyOTAiLCJleHAiOjE3MjE0MDE1MzcsIm5iZiI6MTcyMTQwMTQ3NywiaWF0IjoxNzIxNDAxNDc3LCJqdGkiOiJlYjMzNTg4NC1kMWRkLTRiOTQtYTQ4MC1hMzFlOTJjYjk0MzMiLCJzaWQiOiI2ZWYwYTgwMS0zZGQ0LTQ2MjMtYmM0Ni0wMjA2NzdlMDMwNzUiLCJzaWciOiI0ZGY5N2NkZGRlNjQ0YzdjYmJmMmEwYjExMDZkZjY2ZTNjNjdmMzk3ZWEyNjFhMTk0Y2FhZTMzMjQxZTUyZGYzIn0.DqhtZ5y0DXkrFzVv12edEfaubZ1wvyYGKsNH2Z7oQYA","subject_token_type":"urn:ietf:params:oauth:token-type:id_token","requested_token_type":"urn:shopify:params:oauth:token-type:offline-access-token"}}
2024-07-19T15:04:41.894Z [3] [2024-07-19T15:04:41Z] [shopify-api/DEBUG] HTTP request completed | {method: POST, url: https://overboard-development.myshopify.com/admin/oauth/access_token, status: 200}
2024-07-19T15:04:41.897Z [2] [2024-07-19T15:04:41Z] [shopify-api/INFO] Creating new session | {shop: overboard-development.myshopify.com, isOnline: false}
